DEBUG:root:LoopingThread
DEBUG:root:LoopingThread
DEBUG:root:LoopingThread
DEBUG:root:LoopingThread
DEBUG:root:LoopingThread
DEBUG:root:LoopingThread
DEBUG:root:LoopingThread
DEBUG:root:LoopingThread
DEBUG:root:LoopingThread
INFO:root:server_rpc_base: None
INFO:root:server:https://www-opensocial.googleusercontent.com/api/rpc
DEBUG:root:LoopingThread
DEBUG:root:LoopingThread
INFO:root:Active URL: https://www-opensocial.googleusercontent.com/api/rpc
INFO:root:Active Outgoing: [{"params": {"capabilitiesHash": null, "protocolVersion": "0.22"}, "method": "wave.robot.notifyCapabilitiesHash", "id": "0"}, {"params": {"query": "in:inbox"}, "method": "wave.robot.search", "id": "op1"}]
DEBUG:root:LoopingThread
DEBUG:root:LoopingThread
DEBUG:root:LoopingThread
DEBUG:root:LoopingThread
DEBUG:root:LoopingThread
DEBUG:root:LoopingThread
DEBUG:root:LoopingThread
DEBUG:root:LoopingThread
DEBUG:root:LoopingThread
DEBUG:root:LoopingThread
DEBUG:root:LoopingThread
DEBUG:root:LoopingThread
DEBUG:root:LoopingThread
DEBUG:root:LoopingThread
DEBUG:root:LoopingThread
DEBUG:root:LoopingThread
DEBUG:root:LoopingThread
DEBUG:root:LoopingThread
DEBUG:root:LoopingThread
DEBUG:root:LoopingThread
DEBUG:root:LoopingThread
DEBUG:root:LoopingThread
DEBUG:root:LoopingThread
DEBUG:root:LoopingThread
DEBUG:root:LoopingThread
DEBUG:root:LoopingThread
DEBUG:root:LoopingThread
DEBUG:root:LoopingThread
DEBUG:root:LoopingThread
DEBUG:root:LoopingThread
DEBUG:root:LoopingThread
DEBUG:root:LoopingThread
DEBUG:root:LoopingThread
DEBUG:root:LoopingThread
DEBUG:root:LoopingThread
DEBUG:root:LoopingThread
DEBUG:root:LoopingThread
DEBUG:root:LoopingThread
DEBUG:root:LoopingThread
DEBUG:root:LoopingThread
DEBUG:root:LoopingThread
DEBUG:root:LoopingThread
DEBUG:root:LoopingThread
DEBUG:root:LoopingThread
DEBUG:root:LoopingThread
DEBUG:root:LoopingThread
